<?xml version="1.0" encoding="UTF-8"?>
<!-- Generated by org.testng.reporters.JUnitReportReporter -->
<testsuite hostname="Abhijith" failures="0" tests="1" name="com.crm.organizations.TC_VT_004_Test" time="10.184" errors="0" timestamp="2024-11-28T12:50:37 IST" skipped="0">
  <testcase classname="com.crm.organizations.TC_VT_004_Test" name="createOrganizathIndustryDropdown" time="10.184"/>
  <system-out/>
</testsuite> <!-- com.crm.organizations.TC_VT_004_Test -->
