<?xml version="1.0" encoding="UTF-8"?>
<!-- Generated by org.testng.reporters.JUnitReportReporter -->
<testsuite hostname="Abhijith" failures="0" tests="1" name="com.crm.organizations.TC_VT_002_Test" time="9.994" errors="0" timestamp="2024-11-27T12:49:28 IST" skipped="0">
  <testcase classname="com.crm.organizations.TC_VT_002_Test" name="createOrganization" time="9.994"/>
  <system-out/>
</testsuite> <!-- com.crm.organizations.TC_VT_002_Test -->
