<?xml version="1.0" encoding="UTF-8"?>
<!-- Generated by org.testng.reporters.JUnitReportReporter -->
<testsuite hostname="Abhijith" failures="0" tests="1" name="com.crm.contacts.TC_VT_003_Test" time="11.431" errors="0" timestamp="2024-11-27T14:14:01 IST" skipped="0">
  <testcase classname="com.crm.contacts.TC_VT_003_Test" name="createContactWithOrganization" time="11.431"/>
  <system-out/>
</testsuite> <!-- com.crm.contacts.TC_VT_003_Test -->
